<?xml version="1.0" encoding="UTF-8"?>
<testng-results skipped="0" failed="0" ignored="0" total="1" passed="1">
  <reporter-output>
  </reporter-output>
  <suite name="Surefire suite" duration-ms="99" started-at="2021-01-02T14:52:43 PST" finished-at="2021-01-02T14:52:43 PST">
    <groups>
    </groups>
    <test name="Surefire test" duration-ms="99" started-at="2021-01-02T14:52:43 PST" finished-at="2021-01-02T14:52:43 PST">
      <class name="org.wbl.AppTest">
        <test-method status="PASS" signature="shouldAnswerWithTrue()" name="shouldAnswerWithTrue" duration-ms="20" started-at="2021-01-02T14:52:43 PST" finished-at="2021-01-02T14:52:43 PST">
          <reporter-output>
          </reporter-output>
        </test-method> <!-- shouldAnswerWithTrue -->
      </class> <!-- org.wbl.AppTest -->
    </test> <!-- Surefire test -->
  </suite> <!-- Surefire suite -->
</testng-results>
